/Library/Ruby/Gems/1.8/gems/rookey-0.1/lib/rookey/./config_class.rb:26:in `getConfig'
/Library/Ruby/Gems/1.8/gems/rookey-0.1/lib/./rookey/tasks.rb:164:in `ruby_ext'
/Users/davidkamphausen/projects.alt/antargis/rookey/examples/virtual/rakefile:3
/Library/Ruby/Gems/1.8/gems/rake-0.8.1/lib/rake.rb:2149:in `load'
/Library/Ruby/Gems/1.8/gems/rake-0.8.1/lib/rake.rb:2149:in `raw_load_rakefile'
/Library/Ruby/Gems/1.8/gems/rake-0.8.1/lib/rake.rb:1897:in `load_rakefile'
/Library/Ruby/Gems/1.8/gems/rake-0.8.1/lib/rake.rb:1948:in `standard_exception_handling'
/Library/Ruby/Gems/1.8/gems/rake-0.8.1/lib/rake.rb:1896:in `load_rakefile'
/Library/Ruby/Gems/1.8/gems/rake-0.8.1/lib/rake.rb:1880:in `run'
/Library/Ruby/Gems/1.8/gems/rake-0.8.1/lib/rake.rb:1948:in `standard_exception_handling'
/Library/Ruby/Gems/1.8/gems/rake-0.8.1/lib/rake.rb:1878:in `run'
/Library/Ruby/Gems/1.8/gems/rake-0.8.1/bin/rake:31
/usr/bin/rake:19:in `load'
/usr/bin/rake:19
Running configurator Rookey::SwigConfig
#<Rookey::Config:0x5454c0 @hash={"SWIG_OPTIONS"=>" -Wall -DAGEXPORT", "SWIG"=>" /opt/local/bin/swig"}>
Running configurator Rookey::MinGWConfig
#<Rookey::Config:0x5454c0 @hash={"SWIG_OPTIONS"=>" -Wall -DAGEXPORT", "SWIG"=>" /opt/local/bin/swig"}>
Running configurator Rookey::RubyConfig
#<Rookey::Config:0x5454c0 @hash={"CC"=>"/usr/bin/gcc", "SWIG_OPTIONS"=>" -Wall -DAGEXPORT", "SWIG"=>" /opt/local/bin/swig", "CPP"=>"/usr/bin/g++", "CFLAGS"=>" -arch ppc -arch i386 -Os -pipe -fno-common", "host_os"=>"darwin9.0", "DLEXT"=>"bundle", "INCLUDEDIRS"=>" /System/Library/Frameworks/Ruby.framework/Versions/1.8/usr/lib/ruby/1.8/universal-darwin9.0 /System/Library/Frameworks/Ruby.framework/Versions/1.8/usr/include", "LDFLAGS"=>" -lpthread -ldl -lm  -lruby", "GCC_BASE"=>"gcc", "GPP_BASE"=>"g++", "LDSHAREDFLAGS"=>" -arch ppc -arch i386 -pipe -bundle -undefined dynamic_lookup"}>
Running configurator Rookey::GLConfig
#<Rookey::Config:0x5454c0 @hash={"CC"=>"/usr/bin/gcc", "SWIG_OPTIONS"=>" -Wall -DAGEXPORT", "SWIG"=>" /opt/local/bin/swig", "CPP"=>"/usr/bin/g++", "CFLAGS"=>" -arch ppc -arch i386 -Os -pipe -fno-common", "host_os"=>"darwin9.0", "DLEXT"=>"bundle", "INCLUDEDIRS"=>" /System/Library/Frameworks/Ruby.framework/Versions/1.8/usr/lib/ruby/1.8/universal-darwin9.0 /System/Library/Frameworks/Ruby.framework/Versions/1.8/usr/include /usr/X11/include", "LDFLAGS"=>" -lpthread -ldl -lm  -lruby -Wl,-framework,OpenGL", "GCC_BASE"=>"gcc", "GPP_BASE"=>"g++", "LDSHAREDFLAGS"=>" -arch ppc -arch i386 -pipe -bundle -undefined dynamic_lookup"}>
Running configurator Rookey::DebugConfig
#<Rookey::Config:0x5454c0 @hash={"CC"=>"/usr/bin/gcc", "SWIG_OPTIONS"=>" -Wall -DAGEXPORT", "SWIG"=>" /opt/local/bin/swig", "CPP"=>"/usr/bin/g++", "CFLAGS"=>" -arch ppc -arch i386 -Os -pipe -fno-common", "host_os"=>"darwin9.0", "DLEXT"=>"bundle", "INCLUDEDIRS"=>" /System/Library/Frameworks/Ruby.framework/Versions/1.8/usr/lib/ruby/1.8/universal-darwin9.0 /System/Library/Frameworks/Ruby.framework/Versions/1.8/usr/include /usr/X11/include", "LDFLAGS"=>" -lpthread -ldl -lm  -lruby -Wl,-framework,OpenGL", "GCC_BASE"=>"gcc", "GPP_BASE"=>"g++", "LDSHAREDFLAGS"=>" -arch ppc -arch i386 -pipe -bundle -undefined dynamic_lookup"}>
Running configurator Rookey::CompilerConfig
#<Rookey::Config:0x5454c0 @hash={"CC"=>"/usr/bin/gcc", "SWIG_OPTIONS"=>" -Wall -DAGEXPORT", "SWIG"=>" /opt/local/bin/swig", "CPP"=>"/usr/bin/g++", "CFLAGS"=>" -arch ppc -arch i386 -Os -pipe -fno-common", "host_os"=>"darwin9.0", "DLEXT"=>"bundle", "INCLUDEDIRS"=>" /System/Library/Frameworks/Ruby.framework/Versions/1.8/usr/lib/ruby/1.8/universal-darwin9.0 /System/Library/Frameworks/Ruby.framework/Versions/1.8/usr/include /usr/X11/include /Library/Ruby/Gems/1.8/gems/rookey-0.1/lib/rookey/./cpp", "LDFLAGS"=>" -lpthread -ldl -lm  -lruby -Wl,-framework,OpenGL", "GCC_BASE"=>"gcc", "GPP_BASE"=>"g++", "LDSHAREDFLAGS"=>" -arch ppc -arch i386 -pipe -bundle -undefined dynamic_lookup"}>
Running configurator Rookey::CcacheConfig
#<Rookey::Config:0x5454c0 @hash={"CC"=>"/usr/bin/gcc", "SWIG_OPTIONS"=>" -Wall -DAGEXPORT", "CCACHE"=>"/opt/local/bin/ccache", "SWIG"=>" /opt/local/bin/swig", "CPP"=>"/usr/bin/g++", "CFLAGS"=>" -arch ppc -arch i386 -Os -pipe -fno-common", "host_os"=>"darwin9.0", "DLEXT"=>"bundle", "INCLUDEDIRS"=>" /System/Library/Frameworks/Ruby.framework/Versions/1.8/usr/lib/ruby/1.8/universal-darwin9.0 /System/Library/Frameworks/Ruby.framework/Versions/1.8/usr/include /usr/X11/include /Library/Ruby/Gems/1.8/gems/rookey-0.1/lib/rookey/./cpp", "LDFLAGS"=>" -lpthread -ldl -lm  -lruby -Wl,-framework,OpenGL", "GCC_BASE"=>"gcc", "GPP_BASE"=>"g++", "LDSHAREDFLAGS"=>" -arch ppc -arch i386 -pipe -bundle -undefined dynamic_lookup"}>
Running configurator Rookey::Configurator
#<Rookey::Config:0x5454c0 @hash={"CC"=>"/usr/bin/gcc", "SWIG_OPTIONS"=>" -Wall -DAGEXPORT", "CCACHE"=>"/opt/local/bin/ccache", "SWIG"=>" /opt/local/bin/swig", "CPP"=>"/usr/bin/g++", "CFLAGS"=>" -arch ppc -arch i386 -Os -pipe -fno-common", "host_os"=>"darwin9.0", "DLEXT"=>"bundle", "INCLUDEDIRS"=>" /System/Library/Frameworks/Ruby.framework/Versions/1.8/usr/lib/ruby/1.8/universal-darwin9.0 /System/Library/Frameworks/Ruby.framework/Versions/1.8/usr/include /usr/X11/include /Library/Ruby/Gems/1.8/gems/rookey-0.1/lib/rookey/./cpp", "LDFLAGS"=>" -lpthread -ldl -lm  -lruby -Wl,-framework,OpenGL", "GCC_BASE"=>"gcc", "GPP_BASE"=>"g++", "LDSHAREDFLAGS"=>" -arch ppc -arch i386 -pipe -bundle -undefined dynamic_lookup"}>
Running configurator Rookey::ZConfig
#<Rookey::Config:0x5454c0 @hash={"CC"=>"/usr/bin/gcc", "SWIG_OPTIONS"=>" -Wall -DAGEXPORT", "CCACHE"=>"/opt/local/bin/ccache", "SWIG"=>" /opt/local/bin/swig", "CPP"=>"/usr/bin/g++", "CFLAGS"=>" -arch ppc -arch i386 -Os -pipe -fno-common", "host_os"=>"darwin9.0", "DLEXT"=>"bundle", "INCLUDEDIRS"=>" /System/Library/Frameworks/Ruby.framework/Versions/1.8/usr/lib/ruby/1.8/universal-darwin9.0 /System/Library/Frameworks/Ruby.framework/Versions/1.8/usr/include /usr/X11/include /Library/Ruby/Gems/1.8/gems/rookey-0.1/lib/rookey/./cpp", "LDFLAGS"=>" -lpthread -ldl -lm  -lruby -Wl,-framework,OpenGL -lz", "GCC_BASE"=>"gcc", "GPP_BASE"=>"g++", "LDSHAREDFLAGS"=>" -arch ppc -arch i386 -pipe -bundle -undefined dynamic_lookup"}>
Running configurator Rookey::SDLConfig
#<Rookey::Config:0x5454c0 @hash={"CC"=>"/usr/bin/gcc", "SWIG_OPTIONS"=>" -Wall -DAGEXPORT", "CCACHE"=>"/opt/local/bin/ccache", "SWIG"=>" /opt/local/bin/swig", "CPP"=>"/usr/bin/g++", "CFLAGS"=>" -arch ppc -arch i386 -Os -pipe -fno-common -D_GNU_SOURCE=1 -D_THREAD_SAFE", "host_os"=>"darwin9.0", "DLEXT"=>"bundle", "INCLUDEDIRS"=>" /System/Library/Frameworks/Ruby.framework/Versions/1.8/usr/lib/ruby/1.8/universal-darwin9.0 /System/Library/Frameworks/Ruby.framework/Versions/1.8/usr/include /usr/X11/include /Library/Ruby/Gems/1.8/gems/rookey-0.1/lib/rookey/./cpp /opt/local/include/SDL", "LDFLAGS"=>" -lpthread -ldl -lm  -lruby -Wl,-framework,OpenGL -lz -L/opt/local/lib -lSDLmain -lSDL -Wl,-framework,Cocoa -lSDL_image -lSDL_ttf -lSDL_mixer", "GCC_BASE"=>"gcc", "GPP_BASE"=>"g++", "LDSHAREDFLAGS"=>" -arch ppc -arch i386 -pipe -bundle -undefined dynamic_lookup"}>
Running configurator Rookey::PNGConfig
#<Rookey::Config:0x5454c0 @hash={"CC"=>"/usr/bin/gcc", "SWIG_OPTIONS"=>" -Wall -DAGEXPORT", "CCACHE"=>"/opt/local/bin/ccache", "SWIG"=>" /opt/local/bin/swig", "CPP"=>"/usr/bin/g++", "CFLAGS"=>" -arch ppc -arch i386 -Os -pipe -fno-common -D_GNU_SOURCE=1 -D_THREAD_SAFE", "host_os"=>"darwin9.0", "DLEXT"=>"bundle", "INCLUDEDIRS"=>" /System/Library/Frameworks/Ruby.framework/Versions/1.8/usr/lib/ruby/1.8/universal-darwin9.0 /System/Library/Frameworks/Ruby.framework/Versions/1.8/usr/include /usr/X11/include /Library/Ruby/Gems/1.8/gems/rookey-0.1/lib/rookey/./cpp /opt/local/include/SDL", "LDFLAGS"=>" -lpthread -ldl -lm  -lruby -Wl,-framework,OpenGL -lz -L/opt/local/lib -lSDLmain -lSDL -Wl,-framework,Cocoa -lSDL_image -lSDL_ttf -lSDL_mixer -lpng", "GCC_BASE"=>"gcc", "GPP_BASE"=>"g++", "LDSHAREDFLAGS"=>" -arch ppc -arch i386 -pipe -bundle -undefined dynamic_lookup"}>
