This file contains any messages produced by compilers while
running configure, to aid debugging if configure makes a mistake.

It was created by configure, which was
generated by GNU Autoconf 2.59.  Invocation command line was

  $ ./configure --prefix=/usr/ CXXFLAGS=-I/home/david/usr/include CXX=ccache g++ LDFLAGS=-L/home/david/usr/lib --no-create --no-recursion

## --------- ##
## Platform. ##
## --------- ##

hostname = ace
uname -m = i686
uname -r = 2.6.9-2-686
uname -s = Linux
uname -v = #1 Sat Jan 8 16:34:52 EST 2005

/usr/bin/uname -p = unknown
/bin/uname -X     = unknown

/bin/arch              = i686
/usr/bin/arch -k       = unknown
/usr/convex/getsysinfo = unknown
hostinfo               = unknown
/bin/machine           = unknown
/usr/bin/oslevel       = unknown
/bin/universe          = unknown

PATH: /usr/local/bin
PATH: /usr/bin
PATH: /bin
PATH: /usr/X11R6/bin
PATH: /usr/games
PATH: /home/david/bin


## ----------- ##
## Core tests. ##
## ----------- ##

configure:1537: checking for a BSD-compatible install
configure:1592: result: /usr/bin/install -c
configure:1603: checking whether build environment is sane
configure:1646: result: yes
configure:1661: checking whether make sets $(MAKE)
configure:1681: result: yes
configure:1713: checking for working aclocal-1.4
configure:1720: result: found
configure:1728: checking for working autoconf
configure:1735: result: found
configure:1743: checking for working automake-1.4
configure:1750: result: found
configure:1758: checking for working autoheader
configure:1765: result: found
configure:1773: checking for working makeinfo
configure:1780: result: found
configure:1885: checking for C++ compiler version
configure:1888: ccache g++ --version </dev/null >&5
g++ (GCC) 3.3.5 (Debian 1:3.3.5-5)
Copyright (C) 2003 Free Software Foundation, Inc.
This is free software; see the source for copying conditions.  There is NO
warranty; not even for MERCHANTABILITY or FITNESS FOR A PARTICULAR PURPOSE.

configure:1891: $? = 0
configure:1893: ccache g++ -v </dev/null >&5
Reading specs from /usr/lib/gcc-lib/i486-linux/3.3.5/specs
Configured with: ../src/configure -v --enable-languages=c,c++,java,f77,pascal,objc,ada,treelang --prefix=/usr --mandir=/usr/share/man --infodir=/usr/share/info --with-gxx-include-dir=/usr/include/c++/3.3 --enable-shared --with-system-zlib --enable-nls --without-included-gettext --enable-__cxa_atexit --enable-clocale=gnu --enable-debug --enable-java-gc=boehm --enable-java-awt=xlib --enable-objc-gc i486-linux
Thread model: posix
gcc version 3.3.5 (Debian 1:3.3.5-5)
configure:1896: $? = 0
configure:1898: ccache g++ -V </dev/null >&5
g++: `-V' option must have argument
configure:1901: $? = 1
configure:1924: checking for C++ compiler default output file name
configure:1927: ccache g++ -I/home/david/usr/include  -L/home/david/usr/lib conftest.cc  >&5
configure:1930: $? = 0
configure:1976: result: a.out
configure:1981: checking whether the C++ compiler works
configure:1987: ./a.out
configure:1990: $? = 0
configure:2007: result: yes
configure:2014: checking whether we are cross compiling
configure:2016: result: no
configure:2019: checking for suffix of executables
configure:2021: ccache g++ -o conftest -I/home/david/usr/include  -L/home/david/usr/lib conftest.cc  >&5
configure:2024: $? = 0
configure:2049: result: 
configure:2055: checking for suffix of object files
configure:2076: ccache g++ -c -I/home/david/usr/include  conftest.cc >&5
configure:2079: $? = 0
configure:2101: result: o
configure:2105: checking whether we are using the GNU C++ compiler
configure:2129: ccache g++ -c -I/home/david/usr/include  conftest.cc >&5
configure:2135: $? = 0
configure:2138: test -z 			 || test ! -s conftest.err
configure:2141: $? = 0
configure:2144: test -s conftest.o
configure:2147: $? = 0
configure:2160: result: yes
configure:2166: checking whether ccache g++ accepts -g
configure:2187: ccache g++ -c -g  conftest.cc >&5
configure:2193: $? = 0
configure:2196: test -z 			 || test ! -s conftest.err
configure:2199: $? = 0
configure:2202: test -s conftest.o
configure:2205: $? = 0
configure:2216: result: yes
configure:2258: ccache g++ -c -I/home/david/usr/include  conftest.cc >&5
configure:2264: $? = 0
configure:2267: test -z 			 || test ! -s conftest.err
configure:2270: $? = 0
configure:2273: test -s conftest.o
configure:2276: $? = 0
configure:2302: ccache g++ -c -I/home/david/usr/include  conftest.cc >&5
conftest.cc: In function `int main()':
conftest.cc:15: error: `exit' undeclared (first use this function)
conftest.cc:15: error: (Each undeclared identifier is reported only once for 
   each function it appears in.)
configure:2308: $? = 1
configure: failed program was:
| /* confdefs.h.  */
| 
| #define PACKAGE_NAME ""
| #define PACKAGE_TARNAME ""
| #define PACKAGE_VERSION ""
| #define PACKAGE_STRING ""
| #define PACKAGE_BUGREPORT ""
| #define PACKAGE "antargisgui"
| #define VERSION "0.0.9"
| /* end confdefs.h.  */
| 
| int
| main ()
| {
| exit (42);
|   ;
|   return 0;
| }
configure:2258: ccache g++ -c -I/home/david/usr/include  conftest.cc >&5
configure:2264: $? = 0
configure:2267: test -z 			 || test ! -s conftest.err
configure:2270: $? = 0
configure:2273: test -s conftest.o
configure:2276: $? = 0
configure:2302: ccache g++ -c -I/home/david/usr/include  conftest.cc >&5
configure:2308: $? = 0
configure:2311: test -z 			 || test ! -s conftest.err
configure:2314: $? = 0
configure:2317: test -s conftest.o
configure:2320: $? = 0
configure:2389: checking for gcc
configure:2405: found /usr/bin/gcc
configure:2415: result: gcc
configure:2659: checking for C compiler version
configure:2662: gcc --version </dev/null >&5
gcc (GCC) 3.3.5 (Debian 1:3.3.5-5)
Copyright (C) 2003 Free Software Foundation, Inc.
This is free software; see the source for copying conditions.  There is NO
warranty; not even for MERCHANTABILITY or FITNESS FOR A PARTICULAR PURPOSE.

configure:2665: $? = 0
configure:2667: gcc -v </dev/null >&5
Reading specs from /usr/lib/gcc-lib/i486-linux/3.3.5/specs
Configured with: ../src/configure -v --enable-languages=c,c++,java,f77,pascal,objc,ada,treelang --prefix=/usr --mandir=/usr/share/man --infodir=/usr/share/info --with-gxx-include-dir=/usr/include/c++/3.3 --enable-shared --with-system-zlib --enable-nls --without-included-gettext --enable-__cxa_atexit --enable-clocale=gnu --enable-debug --enable-java-gc=boehm --enable-java-awt=xlib --enable-objc-gc i486-linux
Thread model: posix
gcc version 3.3.5 (Debian 1:3.3.5-5)
configure:2670: $? = 0
configure:2672: gcc -V </dev/null >&5
gcc: `-V' option must have argument
configure:2675: $? = 1
configure:2678: checking whether we are using the GNU C compiler
configure:2702: gcc -c   conftest.c >&5
configure:2708: $? = 0
configure:2711: test -z 			 || test ! -s conftest.err
configure:2714: $? = 0
configure:2717: test -s conftest.o
configure:2720: $? = 0
configure:2733: result: yes
configure:2739: checking whether gcc accepts -g
configure:2760: gcc -c -g  conftest.c >&5
configure:2766: $? = 0
configure:2769: test -z 			 || test ! -s conftest.err
configure:2772: $? = 0
configure:2775: test -s conftest.o
configure:2778: $? = 0
configure:2789: result: yes
configure:2806: checking for gcc option to accept ANSI C
configure:2876: gcc  -c -g -O2  conftest.c >&5
configure:2882: $? = 0
configure:2885: test -z 			 || test ! -s conftest.err
configure:2888: $? = 0
configure:2891: test -s conftest.o
configure:2894: $? = 0
configure:2912: result: none needed
configure:2930: gcc -c -g -O2  conftest.c >&5
conftest.c:2: error: parse error before "me"
configure:2936: $? = 1
configure: failed program was:
| #ifndef __cplusplus
|   choke me
| #endif
configure:3144: checking build system type
configure:3162: result: i686-pc-linux-gnu
configure:3170: checking host system type
configure:3184: result: i686-pc-linux-gnu
configure:3192: checking for a sed that does not truncate output
configure:3246: result: /bin/sed
configure:3249: checking for egrep
configure:3259: result: grep -E
configure:3275: checking for ld used by gcc
configure:3342: result: /usr/bin/ld
configure:3351: checking if the linker (/usr/bin/ld) is GNU ld
configure:3366: result: yes
configure:3371: checking for /usr/bin/ld option to reload object files
configure:3378: result: -r
configure:3387: checking for BSD-compatible nm
configure:3429: result: /usr/bin/nm -B
configure:3433: checking whether ln -s works
configure:3437: result: yes
configure:3444: checking how to recognise dependent libraries
configure:3618: result: pass_all
configure:3831: checking how to run the C preprocessor
configure:3866: gcc -E  conftest.c
configure:3872: $? = 0
configure:3904: gcc -E  conftest.c
conftest.c:14:28: ac_nonexistent.h: No such file or directory
configure:3910: $? = 1
configure: failed program was:
| /* confdefs.h.  */
| 
| #define PACKAGE_NAME ""
| #define PACKAGE_TARNAME ""
| #define PACKAGE_VERSION ""
| #define PACKAGE_STRING ""
| #define PACKAGE_BUGREPORT ""
| #define PACKAGE "antargisgui"
| #define VERSION "0.0.9"
| #ifdef __cplusplus
| extern "C" void std::exit (int) throw (); using std::exit;
| #endif
| /* end confdefs.h.  */
| #include <ac_nonexistent.h>
configure:3949: result: gcc -E
configure:3973: gcc -E  conftest.c
configure:3979: $? = 0
configure:4011: gcc -E  conftest.c
conftest.c:14:28: ac_nonexistent.h: No such file or directory
configure:4017: $? = 1
configure: failed program was:
| /* confdefs.h.  */
| 
| #define PACKAGE_NAME ""
| #define PACKAGE_TARNAME ""
| #define PACKAGE_VERSION ""
| #define PACKAGE_STRING ""
| #define PACKAGE_BUGREPORT ""
| #define PACKAGE "antargisgui"
| #define VERSION "0.0.9"
| #ifdef __cplusplus
| extern "C" void std::exit (int) throw (); using std::exit;
| #endif
| /* end confdefs.h.  */
| #include <ac_nonexistent.h>
configure:4061: checking for ANSI C header files
configure:4086: gcc -c -g -O2  conftest.c >&5
configure:4092: $? = 0
configure:4095: test -z 			 || test ! -s conftest.err
configure:4098: $? = 0
configure:4101: test -s conftest.o
configure:4104: $? = 0
configure:4190: gcc -o conftest -g -O2  -L/home/david/usr/lib conftest.c  >&5
configure:4193: $? = 0
configure:4195: ./conftest
configure:4198: $? = 0
configure:4213: result: yes
configure:4237: checking for sys/types.h
configure:4253: gcc -c -g -O2  conftest.c >&5
configure:4259: $? = 0
configure:4262: test -z 			 || test ! -s conftest.err
configure:4265: $? = 0
configure:4268: test -s conftest.o
configure:4271: $? = 0
configure:4282: result: yes
configure:4237: checking for sys/stat.h
configure:4253: gcc -c -g -O2  conftest.c >&5
configure:4259: $? = 0
configure:4262: test -z 			 || test ! -s conftest.err
configure:4265: $? = 0
configure:4268: test -s conftest.o
configure:4271: $? = 0
configure:4282: result: yes
configure:4237: checking for stdlib.h
configure:4253: gcc -c -g -O2  conftest.c >&5
configure:4259: $? = 0
configure:4262: test -z 			 || test ! -s conftest.err
configure:4265: $? = 0
configure:4268: test -s conftest.o
configure:4271: $? = 0
configure:4282: result: yes
configure:4237: checking for string.h
configure:4253: gcc -c -g -O2  conftest.c >&5
configure:4259: $? = 0
configure:4262: test -z 			 || test ! -s conftest.err
configure:4265: $? = 0
configure:4268: test -s conftest.o
configure:4271: $? = 0
configure:4282: result: yes
configure:4237: checking for memory.h
configure:4253: gcc -c -g -O2  conftest.c >&5
configure:4259: $? = 0
configure:4262: test -z 			 || test ! -s conftest.err
configure:4265: $? = 0
configure:4268: test -s conftest.o
configure:4271: $? = 0
configure:4282: result: yes
configure:4237: checking for strings.h
configure:4253: gcc -c -g -O2  conftest.c >&5
configure:4259: $? = 0
configure:4262: test -z 			 || test ! -s conftest.err
configure:4265: $? = 0
configure:4268: test -s conftest.o
configure:4271: $? = 0
configure:4282: result: yes
configure:4237: checking for inttypes.h
configure:4253: gcc -c -g -O2  conftest.c >&5
configure:4259: $? = 0
configure:4262: test -z 			 || test ! -s conftest.err
configure:4265: $? = 0
configure:4268: test -s conftest.o
configure:4271: $? = 0
configure:4282: result: yes
configure:4237: checking for stdint.h
configure:4253: gcc -c -g -O2  conftest.c >&5
configure:4259: $? = 0
configure:4262: test -z 			 || test ! -s conftest.err
configure:4265: $? = 0
configure:4268: test -s conftest.o
configure:4271: $? = 0
configure:4282: result: yes
configure:4237: checking for unistd.h
configure:4253: gcc -c -g -O2  conftest.c >&5
configure:4259: $? = 0
configure:4262: test -z 			 || test ! -s conftest.err
configure:4265: $? = 0
configure:4268: test -s conftest.o
configure:4271: $? = 0
configure:4282: result: yes
configure:4308: checking dlfcn.h usability
configure:4320: gcc -c -g -O2  conftest.c >&5
configure:4326: $? = 0
configure:4329: test -z 			 || test ! -s conftest.err
configure:4332: $? = 0
configure:4335: test -s conftest.o
configure:4338: $? = 0
configure:4348: result: yes
configure:4352: checking dlfcn.h presence
configure:4362: gcc -E  conftest.c
configure:4368: $? = 0
configure:4388: result: yes
configure:4423: checking for dlfcn.h
configure:4430: result: yes
configure:4448: checking how to run the C++ preprocessor
configure:4479: ccache g++ -E  conftest.cc
configure:4485: $? = 0
configure:4517: ccache g++ -E  conftest.cc
conftest.cc:25:28: ac_nonexistent.h: No such file or directory
configure:4523: $? = 1
configure: failed program was:
| /* confdefs.h.  */
| 
| #define PACKAGE_NAME ""
| #define PACKAGE_TARNAME ""
| #define PACKAGE_VERSION ""
| #define PACKAGE_STRING ""
| #define PACKAGE_BUGREPORT ""
| #define PACKAGE "antargisgui"
| #define VERSION "0.0.9"
| #ifdef __cplusplus
| extern "C" void std::exit (int) throw (); using std::exit;
| #endif
| #define STDC_HEADERS 1
| #define HAVE_SYS_TYPES_H 1
| #define HAVE_SYS_STAT_H 1
| #define HAVE_STDLIB_H 1
| #define HAVE_STRING_H 1
| #define HAVE_MEMORY_H 1
| #define HAVE_STRINGS_H 1
| #define HAVE_INTTYPES_H 1
| #define HAVE_STDINT_H 1
| #define HAVE_UNISTD_H 1
| #define HAVE_DLFCN_H 1
| /* end confdefs.h.  */
| #include <ac_nonexistent.h>
configure:4562: result: ccache g++ -E
configure:4586: ccache g++ -E  conftest.cc
configure:4592: $? = 0
configure:4624: ccache g++ -E  conftest.cc
conftest.cc:25:28: ac_nonexistent.h: No such file or directory
configure:4630: $? = 1
configure: failed program was:
| /* confdefs.h.  */
| 
| #define PACKAGE_NAME ""
| #define PACKAGE_TARNAME ""
| #define PACKAGE_VERSION ""
| #define PACKAGE_STRING ""
| #define PACKAGE_BUGREPORT ""
| #define PACKAGE "antargisgui"
| #define VERSION "0.0.9"
| #ifdef __cplusplus
| extern "C" void std::exit (int) throw (); using std::exit;
| #endif
| #define STDC_HEADERS 1
| #define HAVE_SYS_TYPES_H 1
| #define HAVE_SYS_STAT_H 1
| #define HAVE_STDLIB_H 1
| #define HAVE_STRING_H 1
| #define HAVE_MEMORY_H 1
| #define HAVE_STRINGS_H 1
| #define HAVE_INTTYPES_H 1
| #define HAVE_STDINT_H 1
| #define HAVE_UNISTD_H 1
| #define HAVE_DLFCN_H 1
| /* end confdefs.h.  */
| #include <ac_nonexistent.h>
configure:4725: checking for g77
configure:4754: result: no
configure:4725: checking for f77
configure:4754: result: no
configure:4725: checking for xlf
configure:4754: result: no
configure:4725: checking for frt
configure:4754: result: no
configure:4725: checking for pgf77
configure:4754: result: no
configure:4725: checking for fort77
configure:4754: result: no
configure:4725: checking for fl32
configure:4754: result: no
configure:4725: checking for af77
configure:4754: result: no
configure:4725: checking for f90
configure:4754: result: no
configure:4725: checking for xlf90
configure:4754: result: no
configure:4725: checking for pgf90
configure:4754: result: no
configure:4725: checking for epcf90
configure:4754: result: no
configure:4725: checking for f95
configure:4754: result: no
configure:4725: checking for fort
configure:4754: result: no
configure:4725: checking for xlf95
configure:4754: result: no
configure:4725: checking for ifc
configure:4754: result: no
configure:4725: checking for efc
configure:4754: result: no
configure:4725: checking for pgf95
configure:4754: result: no
configure:4725: checking for lf95
configure:4754: result: no
configure:4725: checking for gfortran
configure:4754: result: no
configure:4769: checking for Fortran 77 compiler version
configure:4769:  --version </dev/null >&5
./configure: line 1: --version: command not found
configure:4772: $? = 127
configure:4774:  -v </dev/null >&5
./configure: line 1: -v: command not found
configure:4777: $? = 127
configure:4779:  -V </dev/null >&5
./configure: line 1: -V: command not found
configure:4782: $? = 127
configure:4790: checking whether we are using the GNU Fortran 77 compiler
configure:4804:  -c  conftest.F >&5
./configure: line 1: -c: command not found
configure:4810: $? = 127
configure: failed program was:
|       program main
| #ifndef __GNUC__
|        choke me
| #endif
| 
|       end
configure:4835: result: no
configure:4841: checking whether  accepts -g
configure:4853:  -c -g conftest.f >&5
./configure: line 1: -c: command not found
configure:4859: $? = 127
configure: failed program was:
|       program main
| 
|       end
configure:4883: result: no
configure:4913: checking the maximum length of command line arguments
configure:4978: result: 32768
configure:4989: checking command to parse /usr/bin/nm -B output from gcc object
configure:5078: gcc -c -g -O2  conftest.c >&5
configure:5081: $? = 0
configure:5085: /usr/bin/nm -B conftest.o \| sed -n -e 's/^.*[ 	]\([ABCDGIRSTW][ABCDGIRSTW]*\)[ 	][ 	]*\(\)\([_A-Za-z][_A-Za-z0-9]*\)$/\1 \2\3 \3/p' \> conftest.nm
configure:5088: $? = 0
configure:5140: gcc -o conftest -g -O2  -L/home/david/usr/lib conftest.c conftstm.o >&5
configure:5143: $? = 0
configure:5181: result: ok
configure:5185: checking for objdir
configure:5200: result: .libs
configure:5290: checking for ar
configure:5306: found /usr/bin/ar
configure:5317: result: ar
configure:5370: checking for ranlib
configure:5386: found /usr/bin/ranlib
configure:5397: result: ranlib
configure:5450: checking for strip
configure:5466: found /usr/bin/strip
configure:5477: result: strip
configure:5739: checking if gcc static flag  works
configure:5762: result: yes
configure:5780: checking if gcc supports -fno-rtti -fno-exceptions
configure:5801: gcc -c -g -O2  -fno-rtti -fno-exceptions conftest.c >&5
cc1: warning: "-fno-rtti" is valid for C++ but not for C/ObjC
configure:5805: $? = 0
configure:5813: result: no
configure:5828: checking for gcc option to produce PIC
configure:6005: result: -fPIC
configure:6013: checking if gcc PIC flag -fPIC works
configure:6034: gcc -c -g -O2  -fPIC -DPIC conftest.c >&5
configure:6038: $? = 0
configure:6046: result: yes
configure:6070: checking if gcc supports -c -o file.o
configure:6094: gcc -c -g -O2  -o out/conftest2.o conftest.c >&5
configure:6098: $? = 0
configure:6115: result: yes
configure:6141: checking whether the gcc linker (/usr/bin/ld) supports shared libraries
configure:6988: result: yes
configure:7014: checking whether -lc should be explicitly linked in
configure:7019: gcc -c -g -O2  conftest.c >&5
configure:7022: $? = 0
configure:7036: gcc -shared conftest.o  -v -Wl,-soname -Wl,conftest -o conftest 2\>\&1 \| grep  -lc  \>/dev/null 2\>\&1
configure:7039: $? = 0
configure:7051: result: no
configure:7059: checking dynamic linker characteristics
configure:7611: result: GNU/Linux ld.so
configure:7615: checking how to hardcode library paths into programs
configure:7640: result: immediate
configure:7654: checking whether stripping libraries is possible
configure:7659: result: yes
configure:8482: checking if libtool supports shared libraries
configure:8484: result: yes
configure:8487: checking whether to build shared libraries
configure:8545: result: yes
configure:8548: checking whether to build static libraries
configure:8552: result: yes
configure:8644: creating libtool
configure:9191: checking for ld used by ccache g++
configure:9258: result: /usr/bin/ld
configure:9267: checking if the linker (/usr/bin/ld) is GNU ld
configure:9282: result: yes
configure:9333: checking whether the ccache g++ linker (/usr/bin/ld) supports shared libraries
configure:10159: result: yes
configure:10177: ccache g++ -c -I/home/david/usr/include  conftest.cc >&5
configure:10180: $? = 0
configure:10276: checking for ccache g++ option to produce PIC
configure:10528: result: -fPIC
configure:10536: checking if ccache g++ PIC flag -fPIC works
configure:10557: ccache g++ -c -I/home/david/usr/include  -fPIC -DPIC conftest.cc >&5
configure:10561: $? = 0
configure:10569: result: yes
configure:10593: checking if ccache g++ supports -c -o file.o
configure:10617: ccache g++ -c -I/home/david/usr/include  -o out/conftest2.o conftest.cc >&5
configure:10621: $? = 0
configure:10638: result: yes
configure:10664: checking whether the ccache g++ linker (/usr/bin/ld) supports shared libraries
configure:10692: result: yes
configure:10763: checking dynamic linker characteristics
configure:11315: result: GNU/Linux ld.so
configure:11319: checking how to hardcode library paths into programs
configure:11344: result: immediate
configure:11358: checking whether stripping libraries is possible
configure:11363: result: yes
configure:18619: checking for a BSD-compatible install
configure:18674: result: /usr/bin/install -c
configure:18687: checking for SDL_BlitSurface in -lSDL
configure:18717: gcc -o conftest -g -O2  -L/home/david/usr/lib conftest.c -lSDL   >&5
/tmp/cc9F1MMh.o(.text+0xa): In function `main':
/home/david/projects/gui/conftest.c:36: undefined reference to `SDL_BlitSurface'
collect2: ld returned 1 exit status
configure:18723: $? = 1
configure: failed program was:
| /* confdefs.h.  */
| 
| #define PACKAGE_NAME ""
| #define PACKAGE_TARNAME ""
| #define PACKAGE_VERSION ""
| #define PACKAGE_STRING ""
| #define PACKAGE_BUGREPORT ""
| #define PACKAGE "antargisgui"
| #define VERSION "0.0.9"
| #ifdef __cplusplus
| extern "C" void std::exit (int) throw (); using std::exit;
| #endif
| #define STDC_HEADERS 1
| #define HAVE_SYS_TYPES_H 1
| #define HAVE_SYS_STAT_H 1
| #define HAVE_STDLIB_H 1
| #define HAVE_STRING_H 1
| #define HAVE_MEMORY_H 1
| #define HAVE_STRINGS_H 1
| #define HAVE_INTTYPES_H 1
| #define HAVE_STDINT_H 1
| #define HAVE_UNISTD_H 1
| #define HAVE_DLFCN_H 1
| /* end confdefs.h.  */
| 
| /* Override any gcc2 internal prototype to avoid an error.  */
| #ifdef __cplusplus
| extern "C"
| #endif
| /* We use char because int might match the return type of a gcc2
|    builtin and then its argument prototype would still apply.  */
| char SDL_BlitSurface ();
| int
| main ()
| {
| SDL_BlitSurface ();
|   ;
|   return 0;
| }
configure:18748: result: no
configure:18760: checking for TTF_Init in -lSDL_ttf
configure:18790: gcc -o conftest -g -O2  -L/home/david/usr/lib conftest.c -lSDL_ttf   >&5
configure:18796: $? = 0
configure:18799: test -z 			 || test ! -s conftest.err
configure:18802: $? = 0
configure:18805: test -s conftest
configure:18808: $? = 0
configure:18821: result: yes
configure:18833: checking for sge_FilledRect in -lSGE
configure:18863: gcc -o conftest -g -O2  -L/home/david/usr/lib conftest.c -lSGE  -lSDL_ttf  >&5
configure:18869: $? = 0
configure:18872: test -z 			 || test ! -s conftest.err
configure:18875: $? = 0
configure:18878: test -s conftest
configure:18881: $? = 0
configure:18894: result: yes
configure:18906: checking for gluPerspective in -lGLU
configure:18936: gcc -o conftest -g -O2  -L/home/david/usr/lib conftest.c -lGLU  -lSGE -lSDL_ttf  >&5
configure:18942: $? = 0
configure:18945: test -z 			 || test ! -s conftest.err
configure:18948: $? = 0
configure:18951: test -s conftest
configure:18954: $? = 0
configure:18967: result: yes
configure:19124: creating ./config.status

## ---------------- ##
## Cache variables. ##
## ---------------- ##

ac_cv_build=i686-pc-linux-gnu
ac_cv_build_alias=i686-pc-linux-gnu
ac_cv_c_compiler_gnu=yes
ac_cv_cxx_compiler_gnu=yes
ac_cv_env_CC_set=
ac_cv_env_CC_value=
ac_cv_env_CFLAGS_set=
ac_cv_env_CFLAGS_value=
ac_cv_env_CPPFLAGS_set=
ac_cv_env_CPPFLAGS_value=
ac_cv_env_CPP_set=
ac_cv_env_CPP_value=
ac_cv_env_CXXCPP_set=
ac_cv_env_CXXCPP_value=
ac_cv_env_CXXFLAGS_set=set
ac_cv_env_CXXFLAGS_value=-I/home/david/usr/include
ac_cv_env_CXX_set=set
ac_cv_env_CXX_value='ccache g++'
ac_cv_env_F77_set=
ac_cv_env_F77_value=
ac_cv_env_FFLAGS_set=
ac_cv_env_FFLAGS_value=
ac_cv_env_LDFLAGS_set=set
ac_cv_env_LDFLAGS_value=-L/home/david/usr/lib
ac_cv_env_build_alias_set=
ac_cv_env_build_alias_value=
ac_cv_env_host_alias_set=
ac_cv_env_host_alias_value=
ac_cv_env_target_alias_set=
ac_cv_env_target_alias_value=
ac_cv_exeext=
ac_cv_f77_compiler_gnu=no
ac_cv_header_dlfcn_h=yes
ac_cv_header_inttypes_h=yes
ac_cv_header_memory_h=yes
ac_cv_header_stdc=yes
ac_cv_header_stdint_h=yes
ac_cv_header_stdlib_h=yes
ac_cv_header_string_h=yes
ac_cv_header_strings_h=yes
ac_cv_header_sys_stat_h=yes
ac_cv_header_sys_types_h=yes
ac_cv_header_unistd_h=yes
ac_cv_host=i686-pc-linux-gnu
ac_cv_host_alias=i686-pc-linux-gnu
ac_cv_lib_GLU_gluPerspective=yes
ac_cv_lib_SDL_SDL_BlitSurface=no
ac_cv_lib_SDL_ttf_TTF_Init=yes
ac_cv_lib_SGE_sge_FilledRect=yes
ac_cv_objext=o
ac_cv_path_install='/usr/bin/install -c'
ac_cv_prog_CPP='gcc -E'
ac_cv_prog_CXXCPP='ccache g++ -E'
ac_cv_prog_ac_ct_AR=ar
ac_cv_prog_ac_ct_CC=gcc
ac_cv_prog_ac_ct_RANLIB=ranlib
ac_cv_prog_ac_ct_STRIP=strip
ac_cv_prog_cc_g=yes
ac_cv_prog_cc_stdc=
ac_cv_prog_cxx_g=yes
ac_cv_prog_egrep='grep -E'
ac_cv_prog_f77_g=no
ac_cv_prog_make_make_set=yes
lt_cv_deplibs_check_method=pass_all
lt_cv_file_magic_cmd='$MAGIC_CMD'
lt_cv_file_magic_test_file=
lt_cv_ld_reload_flag=-r
lt_cv_objdir=.libs
lt_cv_path_LD=/usr/bin/ld
lt_cv_path_LDCXX=/usr/bin/ld
lt_cv_path_NM='/usr/bin/nm -B'
lt_cv_path_SED=/bin/sed
lt_cv_prog_compiler_c_o=yes
lt_cv_prog_compiler_c_o_CXX=yes
lt_cv_prog_compiler_rtti_exceptions=no
lt_cv_prog_gnu_ld=yes
lt_cv_prog_gnu_ldcxx=yes
lt_cv_sys_global_symbol_pipe='sed -n -e '\''s/^.*[ 	]\([ABCDGIRSTW][ABCDGIRSTW]*\)[ 	][ 	]*\(\)\([_A-Za-z][_A-Za-z0-9]*\)$/\1 \2\3 \3/p'\'''
lt_cv_sys_global_symbol_to_c_name_address='sed -n -e '\''s/^: \([^ ]*\) $/  {\"\1\", (lt_ptr) 0},/p'\'' -e '\''s/^[BCDEGRST] \([^ ]*\) \([^ ]*\)$/  {"\2", (lt_ptr) \&\2},/p'\'''
lt_cv_sys_global_symbol_to_cdecl='sed -n -e '\''s/^. .* \(.*\)$/extern int \1;/p'\'''
lt_cv_sys_max_cmd_len=32768
lt_lt_cv_prog_compiler_c_o='"yes"'
lt_lt_cv_prog_compiler_c_o_CXX='"yes"'
lt_lt_cv_sys_global_symbol_pipe='"sed -n -e '\''s/^.*[ 	]\\([ABCDGIRSTW][ABCDGIRSTW]*\\)[ 	][ 	]*\\(\\)\\([_A-Za-z][_A-Za-z0-9]*\\)\$/\\1 \\2\\3 \\3/p'\''"'
lt_lt_cv_sys_global_symbol_to_c_name_address='"sed -n -e '\''s/^: \\([^ ]*\\) \$/  {\\\"\\1\\\", (lt_ptr) 0},/p'\'' -e '\''s/^[BCDEGRST] \\([^ ]*\\) \\([^ ]*\\)\$/  {\"\\2\", (lt_ptr) \\&\\2},/p'\''"'
lt_lt_cv_sys_global_symbol_to_cdecl='"sed -n -e '\''s/^. .* \\(.*\\)\$/extern int \\1;/p'\''"'

## ----------------- ##
## Output variables. ##
## ----------------- ##

ACLOCAL='aclocal-1.4'
AR='ar'
AUTOCONF='autoconf'
AUTOHEADER='autoheader'
AUTOMAKE='automake-1.4'
CC='gcc'
CFLAGS='-g -O2'
CPP='gcc -E'
CPPFLAGS=''
CXX='ccache g++'
CXXCPP='ccache g++ -E'
CXXFLAGS='-I/home/david/usr/include -I/usr/include/SDL -D_REENTRANT -Wall -g'
DEFS='-DPACKAGE_NAME=\"\" -DPACKAGE_TARNAME=\"\" -DPACKAGE_VERSION=\"\" -DPACKAGE_STRING=\"\" -DPACKAGE_BUGREPORT=\"\" -DPACKAGE=\"antargisgui\" -DVERSION=\"0.0.9\" -DSTDC_HEADERS=1 -DHAVE_SYS_TYPES_H=1 -DHAVE_SYS_STAT_H=1 -DHAVE_STDLIB_H=1 -DHAVE_STRING_H=1 -DHAVE_MEMORY_H=1 -DHAVE_STRINGS_H=1 -DHAVE_INTTYPES_H=1 -DHAVE_STDINT_H=1 -DHAVE_UNISTD_H=1 -DHAVE_DLFCN_H=1 -DHAVE_LIBSDL_TTF=1 -DHAVE_LIBSGE=1 -DHAVE_LIBGLU=1 '
ECHO='echo'
ECHO_C=''
ECHO_N='-n'
ECHO_T=''
EGREP='grep -E'
EXEEXT=''
F77=''
FFLAGS=''
INSTALL_DATA='${INSTALL} -m 644'
INSTALL_PROGRAM='${INSTALL}'
INSTALL_SCRIPT='${INSTALL}'
LDFLAGS='-L/home/david/usr/lib -L/usr/lib -lSDL -lpthread'
LIBOBJS=''
LIBS='-lGLU -lSGE -lSDL_ttf '
LIBTOOL='$(SHELL) $(top_builddir)/libtool'
LN_S='ln -s'
LTLIBOBJS=''
MAKEINFO='makeinfo'
OBJEXT='o'
PACKAGE='antargisgui'
PACKAGE_BUGREPORT=''
PACKAGE_NAME=''
PACKAGE_STRING=''
PACKAGE_TARNAME=''
PACKAGE_VERSION=''
PATH_SEPARATOR=':'
RANLIB='ranlib'
RUBY_INCLUDE_DIR='/usr/lib/ruby/1.8/i386-linux'
RUBY_INSTALL_DIR='/usr/local/lib/site_ruby/1.8/i386-linux'
SET_MAKE=''
SHELL='/bin/sh'
STRIP='strip'
VERSION='0.0.9'
ac_ct_AR='ar'
ac_ct_CC='gcc'
ac_ct_CXX=''
ac_ct_F77=''
ac_ct_RANLIB='ranlib'
ac_ct_STRIP='strip'
bindir='${exec_prefix}/bin'
build='i686-pc-linux-gnu'
build_alias=''
build_cpu='i686'
build_os='linux-gnu'
build_vendor='pc'
datadir='${prefix}/share'
exec_prefix='${prefix}'
host='i686-pc-linux-gnu'
host_alias=''
host_cpu='i686'
host_os='linux-gnu'
host_vendor='pc'
includedir='${prefix}/include'
infodir='${prefix}/info'
libdir='${exec_prefix}/lib'
libexecdir='${exec_prefix}/libexec'
localstatedir='${prefix}/var'
mandir='${prefix}/man'
oldincludedir='/usr/include'
prefix='/usr/'
program_transform_name='s,x,x,'
sbindir='${exec_prefix}/sbin'
sharedstatedir='${prefix}/com'
sysconfdir='${prefix}/etc'
target_alias=''

## ----------- ##
## confdefs.h. ##
## ----------- ##

#define HAVE_DLFCN_H 1
#define HAVE_INTTYPES_H 1
#define HAVE_LIBGLU 1
#define HAVE_LIBSDL_TTF 1
#define HAVE_LIBSGE 1
#define HAVE_MEMORY_H 1
#define HAVE_STDINT_H 1
#define HAVE_STDLIB_H 1
#define HAVE_STRINGS_H 1
#define HAVE_STRING_H 1
#define HAVE_SYS_STAT_H 1
#define HAVE_SYS_TYPES_H 1
#define HAVE_UNISTD_H 1
#define PACKAGE "antargisgui"
#define PACKAGE_BUGREPORT ""
#define PACKAGE_NAME ""
#define PACKAGE_STRING ""
#define PACKAGE_TARNAME ""
#define PACKAGE_VERSION ""
#define STDC_HEADERS 1
#define VERSION "0.0.9"
#endif
#ifdef __cplusplus
extern "C" void std::exit (int) throw (); using std::exit;

configure: exit 0

## ---------------------- ##
## Running config.status. ##
## ---------------------- ##

This file was extended by config.status, which was
generated by GNU Autoconf 2.59.  Invocation command line was

  CONFIG_FILES    = Makefile
  CONFIG_HEADERS  = 
  CONFIG_LINKS    = 
  CONFIG_COMMANDS = 
  $ ./config.status 

on ace

config.status:718: creating Makefile

## ---------------------- ##
## Running config.status. ##
## ---------------------- ##

This file was extended by config.status, which was
generated by GNU Autoconf 2.59.  Invocation command line was

  CONFIG_FILES    = include/Makefile
  CONFIG_HEADERS  = 
  CONFIG_LINKS    = 
  CONFIG_COMMANDS = 
  $ ./config.status 

on ace

config.status:718: creating include/Makefile

## ---------------------- ##
## Running config.status. ##
## ---------------------- ##

This file was extended by config.status, which was
generated by GNU Autoconf 2.59.  Invocation command line was

  CONFIG_FILES    = src/Makefile
  CONFIG_HEADERS  = 
  CONFIG_LINKS    = 
  CONFIG_COMMANDS = 
  $ ./config.status 

on ace

config.status:718: creating src/Makefile

## ---------------------- ##
## Running config.status. ##
## ---------------------- ##

This file was extended by config.status, which was
generated by GNU Autoconf 2.59.  Invocation command line was

  CONFIG_FILES    = bindings/Makefile
  CONFIG_HEADERS  = 
  CONFIG_LINKS    = 
  CONFIG_COMMANDS = 
  $ ./config.status 

on ace

config.status:718: creating bindings/Makefile

## ---------------------- ##
## Running config.status. ##
## ---------------------- ##

This file was extended by config.status, which was
generated by GNU Autoconf 2.59.  Invocation command line was

  CONFIG_FILES    = test/Makefile
  CONFIG_HEADERS  = 
  CONFIG_LINKS    = 
  CONFIG_COMMANDS = 
  $ ./config.status 

on ace

config.status:718: creating test/Makefile
